<?xml version="1.0" encoding="UTF-8"?>
<!-- Generated by org.testng.reporters.JUnitXMLReporter -->
<testsuite hostname="DESKTOP-I6H70JL" name="BVT_SUITE" tests="2" failures="0" timestamp="27 Sep 2018 13:49:50 GMT" time="292.164" errors="0">
  <testcase name="verifyResettingPasswordEmailReceived" time="179.047" classname="com.brrf.bvttest.test.BVT_Suite_Tests"/>
  <testcase name="verifyResettingPasswordLinkInEmail" time="104.939" classname="com.brrf.bvttest.test.BVT_Suite_Tests"/>
</testsuite> <!-- BVT_SUITE -->
